<?xml version="1.0" encoding="UTF-8"?>
<testng-results ignored="0" total="0" passed="0" failed="0" skipped="0">
  <reporter-output>
  </reporter-output>
  <suite started-at="2023-03-24T23:09:51 IST" name="Surefire suite" finished-at="2023-03-24T23:09:51 IST" duration-ms="7">
    <groups>
    </groups>
    <test started-at="2023-03-24T23:09:51 IST" name="Surefire test" finished-at="2023-03-24T23:09:51 IST" duration-ms="7">
      <class name="utils.TestListener">
        <test-method is-config="true" signature="suiteSetUp()[pri:0, instance:utils.TestListener@557caf28]" started-at="2023-03-24T23:09:51 IST" name="suiteSetUp" finished-at="2023-03-24T23:09:51 IST" duration-ms="95" status="PASS">
          <reporter-output>
          </reporter-output>
        </test-method> <!-- suiteSetUp -->
        <test-method is-config="true" signature="afterSuite()[pri:0, instance:utils.TestListener@557caf28]" started-at="2023-03-24T23:09:51 IST" name="afterSuite" finished-at="2023-03-24T23:09:51 IST" duration-ms="188" status="PASS">
          <reporter-output>
          </reporter-output>
        </test-method> <!-- afterSuite -->
      </class> <!-- utils.TestListener -->
    </test> <!-- Surefire test -->
  </suite> <!-- Surefire suite -->
</testng-results>
